<?xml version="1.0" encoding="UTF-8" ?>
<testsuite failures="0" time="20.307" errors="0" skipped="0" tests="6" name="org.apache.mahout.clustering.TestClusterDumper">
  <properties>
    <property name="java.runtime.name" value="Java(TM) SE Runtime Environment"/>
    <property name="sun.boot.library.path" value="/usr/lib/jvm/java-6-sun-1.6.0.26/jre/lib/amd64"/>
    <property name="java.vm.version" value="20.1-b02"/>
    <property name="Skiptests" value="true"/>
    <property name="java.vm.vendor" value="Sun Microsystems Inc."/>
    <property name="java.vendor.url" value="http://java.sun.com/"/>
    <property name="path.separator" value=":"/>
    <property name="java.vm.name" value="Java HotSpot(TM) 64-Bit Server VM"/>
    <property name="file.encoding.pkg" value="sun.io"/>
    <property name="user.country" value="US"/>
    <property name="sun.java.launcher" value="SUN_STANDARD"/>
    <property name="sun.os.patch.level" value="unknown"/>
    <property name="java.vm.specification.name" value="Java Virtual Machine Specification"/>
    <property name="user.dir" value="/home/jaume/workspace/trunk/integration"/>
    <property name="java.runtime.version" value="1.6.0_26-b03"/>
    <property name="java.awt.graphicsenv" value="sun.awt.X11GraphicsEnvironment"/>
    <property name="basedir" value="/home/jaume/workspace/trunk/integration"/>
    <property name="java.endorsed.dirs" value="/usr/lib/jvm/java-6-sun-1.6.0.26/jre/lib/endorsed"/>
    <property name="os.arch" value="amd64"/>
    <property name="surefire.real.class.path" value="/home/jaume/workspace/trunk/integration/target/surefire/surefirebooter8504841558792391382.jar"/>
    <property name="java.io.tmpdir" value="/tmp"/>
    <property name="line.separator" value="
"/>
    <property name="java.vm.specification.vendor" value="Sun Microsystems Inc."/>
    <property name="os.name" value="Linux"/>
    <property name="sun.jnu.encoding" value="UTF-8"/>
    <property name="java.library.path" value="/usr/lib/jvm/java-6-sun-1.6.0.26/jre/lib/amd64/server:/usr/lib/jvm/java-6-sun-1.6.0.26/jre/lib/amd64:/usr/lib/jvm/java-6-sun-1.6.0.26/jre/../lib/amd64::/usr/lib/oracle/11.2/client64/lib:/usr/lib/python2.6/site-packages:/usr/java/packages/lib/amd64:/usr/lib64:/lib64:/lib:/usr/lib"/>
    <property name="surefire.test.class.path" value="/home/jaume/workspace/trunk/integration/target/test-classes:/home/jaume/workspace/trunk/integration/target/classes:/home/jaume/.m2/repository/org/apache/mahout/mahout-core/0.6-SNAPSHOT/mahout-core-0.6-SNAPSHOT.jar:/home/jaume/.m2/repository/org/apache/hadoop/hadoop-core/0.20.204.0/hadoop-core-0.20.204.0.jar:/home/jaume/.m2/repository/commons-httpclient/commons-httpclient/3.0.1/commons-httpclient-3.0.1.jar:/home/jaume/.m2/repository/commons-configuration/commons-configuration/1.6/commons-configuration-1.6.jar:/home/jaume/.m2/repository/commons-beanutils/commons-beanutils-core/1.8.0/commons-beanutils-core-1.8.0.jar:/home/jaume/.m2/repository/org/codehaus/jackson/jackson-core-asl/1.8.2/jackson-core-asl-1.8.2.jar:/home/jaume/.m2/repository/org/codehaus/jackson/jackson-mapper-asl/1.8.2/jackson-mapper-asl-1.8.2.jar:/home/jaume/.m2/repository/commons-lang/commons-lang/2.6/commons-lang-2.6.jar:/home/jaume/.m2/repository/com/thoughtworks/xstream/xstream/1.3.1/xstream-1.3.1.jar:/home/jaume/.m2/repository/xpp3/xpp3_min/1.1.4c/xpp3_min-1.1.4c.jar:/home/jaume/.m2/repository/org/apache/lucene/lucene-analyzers/3.4.0/lucene-analyzers-3.4.0.jar:/home/jaume/.m2/repository/org/apache/mahout/commons/commons-cli/2.0-mahout/commons-cli-2.0-mahout.jar:/home/jaume/.m2/repository/org/apache/commons/commons-math/2.2/commons-math-2.2.jar:/home/jaume/.m2/repository/org/apache/mahout/mahout-core/0.6-SNAPSHOT/mahout-core-0.6-SNAPSHOT-tests.jar:/home/jaume/.m2/repository/org/uncommons/watchmaker/watchmaker-framework/0.6.2/watchmaker-framework-0.6.2.jar:/home/jaume/.m2/repository/org/apache/mahout/mahout-math/0.6-SNAPSHOT/mahout-math-0.6-SNAPSHOT.jar:/home/jaume/.m2/repository/org/uncommons/maths/uncommons-maths/1.2.2/uncommons-maths-1.2.2.jar:/home/jaume/.m2/repository/jfree/jcommon/1.0.12/jcommon-1.0.12.jar:/home/jaume/.m2/repository/com/google/guava/guava/r09/guava-r09.jar:/home/jaume/.m2/repository/org/apache/mahout/mahout-collections/1.0/mahout-collections-1.0.jar:/home/jaume/.m2/repository/org/apache/mahout/mahout-examples/0.6-SNAPSHOT/mahout-examples-0.6-SNAPSHOT.jar:/home/jaume/.m2/repository/org/apache/mahout/mahout-integration/0.6-SNAPSHOT/mahout-integration-0.6-SNAPSHOT.jar:/home/jaume/.m2/repository/org/apache/lucene/lucene-benchmark/3.4.0/lucene-benchmark-3.4.0.jar:/home/jaume/.m2/repository/org/apache/lucene/lucene-highlighter/3.4.0/lucene-highlighter-3.4.0.jar:/home/jaume/.m2/repository/org/apache/lucene/lucene-queries/3.4.0/lucene-queries-3.4.0.jar:/home/jaume/.m2/repository/jakarta-regexp/jakarta-regexp/1.4/jakarta-regexp-1.4.jar:/home/jaume/.m2/repository/org/apache/lucene/lucene-memory/3.4.0/lucene-memory-3.4.0.jar:/home/jaume/.m2/repository/org/apache/commons/commons-compress/1.1/commons-compress-1.1.jar:/home/jaume/.m2/repository/commons-digester/commons-digester/1.7/commons-digester-1.7.jar:/home/jaume/.m2/repository/xml-apis/xml-apis/1.0.b2/xml-apis-1.0.b2.jar:/home/jaume/.m2/repository/org/apache/lucene/lucene-xercesImpl/3.4.0/lucene-xercesImpl-3.4.0.jar:/home/jaume/.m2/repository/org/uncommons/watchmaker/watchmaker-swing/0.6.2/watchmaker-swing-0.6.2.jar:/home/jaume/.m2/repository/jfree/jfreechart/1.0.13/jfreechart-1.0.13.jar:/home/jaume/.m2/repository/org/apache/mahout/mahout-math/0.6-SNAPSHOT/mahout-math-0.6-SNAPSHOT-tests.jar:/home/jaume/.m2/repository/commons-dbcp/commons-dbcp/1.4/commons-dbcp-1.4.jar:/home/jaume/.m2/repository/commons-pool/commons-pool/1.5.6/commons-pool-1.5.6.jar:/home/jaume/.m2/repository/org/apache/solr/solr-commons-csv/3.4.0/solr-commons-csv-3.4.0.jar:/home/jaume/.m2/repository/org/apache/lucene/lucene-core/3.4.0/lucene-core-3.4.0.jar:/home/jaume/.m2/repository/javax/servlet/servlet-api/2.5/servlet-api-2.5.jar:/home/jaume/.m2/repository/org/mongodb/mongo-java-driver/2.5/mongo-java-driver-2.5.jar:/home/jaume/.m2/repository/org/mongodb/bson/2.5/bson-2.5.jar:/home/jaume/.m2/repository/org/apache/cassandra/cassandra-all/0.8.1/cassandra-all-0.8.1.jar:/home/jaume/.m2/repository/commons-cli/commons-cli/1.1/commons-cli-1.1.jar:/home/jaume/.m2/repository/commons-codec/commons-codec/1.2/commons-codec-1.2.jar:/home/jaume/.m2/repository/commons-collections/commons-collections/3.2.1/commons-collections-3.2.1.jar:/home/jaume/.m2/repository/com/googlecode/concurrentlinkedhashmap/concurrentlinkedhashmap-lru/1.1/concurrentlinkedhashmap-lru-1.1.jar:/home/jaume/.m2/repository/org/antlr/antlr/3.2/antlr-3.2.jar:/home/jaume/.m2/repository/org/antlr/antlr-runtime/3.2/antlr-runtime-3.2.jar:/home/jaume/.m2/repository/org/antlr/stringtemplate/3.2/stringtemplate-3.2.jar:/home/jaume/.m2/repository/antlr/antlr/2.7.7/antlr-2.7.7.jar:/home/jaume/.m2/repository/org/apache/cassandra/deps/avro/1.4.0-cassandra-1/avro-1.4.0-cassandra-1.jar:/home/jaume/.m2/repository/org/mortbay/jetty/jetty/6.1.22/jetty-6.1.22.jar:/home/jaume/.m2/repository/org/mortbay/jetty/jetty-util/6.1.22/jetty-util-6.1.22.jar:/home/jaume/.m2/repository/org/mortbay/jetty/servlet-api/2.5-20081211/servlet-api-2.5-20081211.jar:/home/jaume/.m2/repository/jline/jline/0.9.94/jline-0.9.94.jar:/home/jaume/.m2/repository/com/googlecode/json-simple/json-simple/1.1/json-simple-1.1.jar:/home/jaume/.m2/repository/com/github/stephenc/high-scale-lib/high-scale-lib/1.1.2/high-scale-lib-1.1.2.jar:/home/jaume/.m2/repository/org/yaml/snakeyaml/1.6/snakeyaml-1.6.jar:/home/jaume/.m2/repository/log4j/log4j/1.2.16/log4j-1.2.16.jar:/home/jaume/.m2/repository/org/slf4j/slf4j-log4j12/1.6.1/slf4j-log4j12-1.6.1.jar:/home/jaume/.m2/repository/org/apache/thrift/libthrift/0.6.1/libthrift-0.6.1.jar:/home/jaume/.m2/repository/org/apache/httpcomponents/httpclient/4.0.1/httpclient-4.0.1.jar:/home/jaume/.m2/repository/org/apache/httpcomponents/httpcore/4.0.1/httpcore-4.0.1.jar:/home/jaume/.m2/repository/org/apache/cassandra/cassandra-thrift/0.8.1/cassandra-thrift-0.8.1.jar:/home/jaume/.m2/repository/com/github/stephenc/jamm/0.2.2/jamm-0.2.2.jar:/home/jaume/.m2/repository/me/prettyprint/hector-core/0.8.0-2/hector-core-0.8.0-2.jar:/home/jaume/.m2/repository/org/slf4j/jul-to-slf4j/1.6.1/jul-to-slf4j-1.6.1.jar:/home/jaume/.m2/repository/com/github/stephenc/eaio-uuid/uuid/3.2.0/uuid-3.2.0.jar:/home/jaume/.m2/repository/com/ecyrd/speed4j/speed4j/0.9/speed4j-0.9.jar:/home/jaume/.m2/repository/org/slf4j/slf4j-api/1.6.1/slf4j-api-1.6.1.jar:/home/jaume/.m2/repository/org/slf4j/slf4j-jcl/1.6.1/slf4j-jcl-1.6.1.jar:/home/jaume/.m2/repository/commons-logging/commons-logging/1.1.1/commons-logging-1.1.1.jar:/home/jaume/.m2/repository/junit/junit/4.8.2/junit-4.8.2.jar:/home/jaume/.m2/repository/org/easymock/easymock/3.0/easymock-3.0.jar:/home/jaume/.m2/repository/cglib/cglib-nodep/2.2/cglib-nodep-2.2.jar:/home/jaume/.m2/repository/org/objenesis/objenesis/1.2/objenesis-1.2.jar:/home/jaume/.m2/repository/net/sf/json-lib/json-lib/2.2.3/json-lib-2.2.3-jdk15.jar:/home/jaume/.m2/repository/commons-beanutils/commons-beanutils/1.7.0/commons-beanutils-1.7.0.jar:/home/jaume/.m2/repository/net/sf/ezmorph/ezmorph/1.0.6/ezmorph-1.0.6.jar:/home/jaume/.m2/repository/org/apache/cxf/cxf-rt-frontend-jaxrs/2.5.0/cxf-rt-frontend-jaxrs-2.5.0.jar:/home/jaume/.m2/repository/org/apache/cxf/cxf-common-utilities/2.5.0/cxf-common-utilities-2.5.0.jar:/home/jaume/.m2/repository/org/apache/ws/xmlschema/xmlschema-core/2.0.1/xmlschema-core-2.0.1.jar:/home/jaume/.m2/repository/org/codehaus/woodstox/woodstox-core-asl/4.1.1/woodstox-core-asl-4.1.1.jar:/home/jaume/.m2/repository/org/codehaus/woodstox/stax2-api/3.1.1/stax2-api-3.1.1.jar:/home/jaume/.m2/repository/org/apache/cxf/cxf-api/2.5.0/cxf-api-2.5.0.jar:/home/jaume/.m2/repository/org/apache/neethi/neethi/3.0.1/neethi-3.0.1.jar:/home/jaume/.m2/repository/wsdl4j/wsdl4j/1.6.2/wsdl4j-1.6.2.jar:/home/jaume/.m2/repository/org/apache/cxf/cxf-rt-core/2.5.0/cxf-rt-core-2.5.0.jar:/home/jaume/.m2/repository/org/apache/geronimo/specs/geronimo-javamail_1.4_spec/1.7.1/geronimo-javamail_1.4_spec-1.7.1.jar:/home/jaume/.m2/repository/org/springframework/spring-core/3.0.6.RELEASE/spring-core-3.0.6.RELEASE.jar:/home/jaume/.m2/repository/org/springframework/spring-asm/3.0.6.RELEASE/spring-asm-3.0.6.RELEASE.jar:/home/jaume/.m2/repository/javax/ws/rs/jsr311-api/1.1.1/jsr311-api-1.1.1.jar:/home/jaume/.m2/repository/org/apache/cxf/cxf-rt-bindings-xml/2.5.0/cxf-rt-bindings-xml-2.5.0.jar:/home/jaume/.m2/repository/org/apache/cxf/cxf-rt-transports-http/2.5.0/cxf-rt-transports-http-2.5.0.jar:/home/jaume/.m2/repository/org/apache/cxf/cxf-rt-transports-common/2.5.0/cxf-rt-transports-common-2.5.0.jar:/home/jaume/.m2/repository/org/springframework/spring-web/3.0.6.RELEASE/spring-web-3.0.6.RELEASE.jar:/home/jaume/.m2/repository/aopalliance/aopalliance/1.0/aopalliance-1.0.jar:/home/jaume/.m2/repository/org/springframework/spring-beans/3.0.6.RELEASE/spring-beans-3.0.6.RELEASE.jar:/home/jaume/.m2/repository/org/springframework/spring-context/3.0.6.RELEASE/spring-context-3.0.6.RELEASE.jar:/home/jaume/.m2/repository/org/springframework/spring-aop/3.0.6.RELEASE/spring-aop-3.0.6.RELEASE.jar:/home/jaume/.m2/repository/org/springframework/spring-expression/3.0.6.RELEASE/spring-expression-3.0.6.RELEASE.jar:/home/jaume/.m2/repository/org/codehaus/jettison/jettison/1.3/jettison-1.3.jar:/home/jaume/.m2/repository/org/apache/wink/wink-server/1.1.3-incubating/wink-server-1.1.3-incubating.jar:/home/jaume/.m2/repository/org/apache/wink/wink-common/1.1.3-incubating/wink-common-1.1.3-incubating.jar:/home/jaume/.m2/repository/org/apache/geronimo/specs/geronimo-annotation_1.1_spec/1.0/geronimo-annotation_1.1_spec-1.0.jar:/home/jaume/.m2/repository/javax/xml/bind/jaxb-api/2.2/jaxb-api-2.2.jar:/home/jaume/.m2/repository/javax/xml/stream/stax-api/1.0-2/stax-api-1.0-2.jar:/home/jaume/.m2/repository/com/sun/xml/bind/jaxb-impl/2.2.1.1/jaxb-impl-2.2.1.1.jar:/home/jaume/.m2/repository/javax/activation/activation/1.1/activation-1.1.jar:"/>
    <property name="java.specification.name" value="Java Platform API Specification"/>
    <property name="java.class.version" value="50.0"/>
    <property name="sun.management.compiler" value="HotSpot 64-Bit Tiered Compilers"/>
    <property name="os.version" value="2.6.32-38-generic"/>
    <property name="user.home" value="/home/jaume"/>
    <property name="user.timezone" value="Europe/Madrid"/>
    <property name="java.awt.printerjob" value="sun.print.PSPrinterJob"/>
    <property name="java.specification.version" value="1.6"/>
    <property name="file.encoding" value="UTF-8"/>
    <property name="user.name" value="jaume"/>
    <property name="java.class.path" value="/home/jaume/workspace/trunk/integration/target/test-classes:/home/jaume/workspace/trunk/integration/target/classes:/home/jaume/.m2/repository/org/apache/mahout/mahout-core/0.6-SNAPSHOT/mahout-core-0.6-SNAPSHOT.jar:/home/jaume/.m2/repository/org/apache/hadoop/hadoop-core/0.20.204.0/hadoop-core-0.20.204.0.jar:/home/jaume/.m2/repository/commons-httpclient/commons-httpclient/3.0.1/commons-httpclient-3.0.1.jar:/home/jaume/.m2/repository/commons-configuration/commons-configuration/1.6/commons-configuration-1.6.jar:/home/jaume/.m2/repository/commons-beanutils/commons-beanutils-core/1.8.0/commons-beanutils-core-1.8.0.jar:/home/jaume/.m2/repository/org/codehaus/jackson/jackson-core-asl/1.8.2/jackson-core-asl-1.8.2.jar:/home/jaume/.m2/repository/org/codehaus/jackson/jackson-mapper-asl/1.8.2/jackson-mapper-asl-1.8.2.jar:/home/jaume/.m2/repository/commons-lang/commons-lang/2.6/commons-lang-2.6.jar:/home/jaume/.m2/repository/com/thoughtworks/xstream/xstream/1.3.1/xstream-1.3.1.jar:/home/jaume/.m2/repository/xpp3/xpp3_min/1.1.4c/xpp3_min-1.1.4c.jar:/home/jaume/.m2/repository/org/apache/lucene/lucene-analyzers/3.4.0/lucene-analyzers-3.4.0.jar:/home/jaume/.m2/repository/org/apache/mahout/commons/commons-cli/2.0-mahout/commons-cli-2.0-mahout.jar:/home/jaume/.m2/repository/org/apache/commons/commons-math/2.2/commons-math-2.2.jar:/home/jaume/.m2/repository/org/apache/mahout/mahout-core/0.6-SNAPSHOT/mahout-core-0.6-SNAPSHOT-tests.jar:/home/jaume/.m2/repository/org/uncommons/watchmaker/watchmaker-framework/0.6.2/watchmaker-framework-0.6.2.jar:/home/jaume/.m2/repository/org/apache/mahout/mahout-math/0.6-SNAPSHOT/mahout-math-0.6-SNAPSHOT.jar:/home/jaume/.m2/repository/org/uncommons/maths/uncommons-maths/1.2.2/uncommons-maths-1.2.2.jar:/home/jaume/.m2/repository/jfree/jcommon/1.0.12/jcommon-1.0.12.jar:/home/jaume/.m2/repository/com/google/guava/guava/r09/guava-r09.jar:/home/jaume/.m2/repository/org/apache/mahout/mahout-collections/1.0/mahout-collections-1.0.jar:/home/jaume/.m2/repository/org/apache/mahout/mahout-examples/0.6-SNAPSHOT/mahout-examples-0.6-SNAPSHOT.jar:/home/jaume/.m2/repository/org/apache/mahout/mahout-integration/0.6-SNAPSHOT/mahout-integration-0.6-SNAPSHOT.jar:/home/jaume/.m2/repository/org/apache/lucene/lucene-benchmark/3.4.0/lucene-benchmark-3.4.0.jar:/home/jaume/.m2/repository/org/apache/lucene/lucene-highlighter/3.4.0/lucene-highlighter-3.4.0.jar:/home/jaume/.m2/repository/org/apache/lucene/lucene-queries/3.4.0/lucene-queries-3.4.0.jar:/home/jaume/.m2/repository/jakarta-regexp/jakarta-regexp/1.4/jakarta-regexp-1.4.jar:/home/jaume/.m2/repository/org/apache/lucene/lucene-memory/3.4.0/lucene-memory-3.4.0.jar:/home/jaume/.m2/repository/org/apache/commons/commons-compress/1.1/commons-compress-1.1.jar:/home/jaume/.m2/repository/commons-digester/commons-digester/1.7/commons-digester-1.7.jar:/home/jaume/.m2/repository/xml-apis/xml-apis/1.0.b2/xml-apis-1.0.b2.jar:/home/jaume/.m2/repository/org/apache/lucene/lucene-xercesImpl/3.4.0/lucene-xercesImpl-3.4.0.jar:/home/jaume/.m2/repository/org/uncommons/watchmaker/watchmaker-swing/0.6.2/watchmaker-swing-0.6.2.jar:/home/jaume/.m2/repository/jfree/jfreechart/1.0.13/jfreechart-1.0.13.jar:/home/jaume/.m2/repository/org/apache/mahout/mahout-math/0.6-SNAPSHOT/mahout-math-0.6-SNAPSHOT-tests.jar:/home/jaume/.m2/repository/commons-dbcp/commons-dbcp/1.4/commons-dbcp-1.4.jar:/home/jaume/.m2/repository/commons-pool/commons-pool/1.5.6/commons-pool-1.5.6.jar:/home/jaume/.m2/repository/org/apache/solr/solr-commons-csv/3.4.0/solr-commons-csv-3.4.0.jar:/home/jaume/.m2/repository/org/apache/lucene/lucene-core/3.4.0/lucene-core-3.4.0.jar:/home/jaume/.m2/repository/javax/servlet/servlet-api/2.5/servlet-api-2.5.jar:/home/jaume/.m2/repository/org/mongodb/mongo-java-driver/2.5/mongo-java-driver-2.5.jar:/home/jaume/.m2/repository/org/mongodb/bson/2.5/bson-2.5.jar:/home/jaume/.m2/repository/org/apache/cassandra/cassandra-all/0.8.1/cassandra-all-0.8.1.jar:/home/jaume/.m2/repository/commons-cli/commons-cli/1.1/commons-cli-1.1.jar:/home/jaume/.m2/repository/commons-codec/commons-codec/1.2/commons-codec-1.2.jar:/home/jaume/.m2/repository/commons-collections/commons-collections/3.2.1/commons-collections-3.2.1.jar:/home/jaume/.m2/repository/com/googlecode/concurrentlinkedhashmap/concurrentlinkedhashmap-lru/1.1/concurrentlinkedhashmap-lru-1.1.jar:/home/jaume/.m2/repository/org/antlr/antlr/3.2/antlr-3.2.jar:/home/jaume/.m2/repository/org/antlr/antlr-runtime/3.2/antlr-runtime-3.2.jar:/home/jaume/.m2/repository/org/antlr/stringtemplate/3.2/stringtemplate-3.2.jar:/home/jaume/.m2/repository/antlr/antlr/2.7.7/antlr-2.7.7.jar:/home/jaume/.m2/repository/org/apache/cassandra/deps/avro/1.4.0-cassandra-1/avro-1.4.0-cassandra-1.jar:/home/jaume/.m2/repository/org/mortbay/jetty/jetty/6.1.22/jetty-6.1.22.jar:/home/jaume/.m2/repository/org/mortbay/jetty/jetty-util/6.1.22/jetty-util-6.1.22.jar:/home/jaume/.m2/repository/org/mortbay/jetty/servlet-api/2.5-20081211/servlet-api-2.5-20081211.jar:/home/jaume/.m2/repository/jline/jline/0.9.94/jline-0.9.94.jar:/home/jaume/.m2/repository/com/googlecode/json-simple/json-simple/1.1/json-simple-1.1.jar:/home/jaume/.m2/repository/com/github/stephenc/high-scale-lib/high-scale-lib/1.1.2/high-scale-lib-1.1.2.jar:/home/jaume/.m2/repository/org/yaml/snakeyaml/1.6/snakeyaml-1.6.jar:/home/jaume/.m2/repository/log4j/log4j/1.2.16/log4j-1.2.16.jar:/home/jaume/.m2/repository/org/slf4j/slf4j-log4j12/1.6.1/slf4j-log4j12-1.6.1.jar:/home/jaume/.m2/repository/org/apache/thrift/libthrift/0.6.1/libthrift-0.6.1.jar:/home/jaume/.m2/repository/org/apache/httpcomponents/httpclient/4.0.1/httpclient-4.0.1.jar:/home/jaume/.m2/repository/org/apache/httpcomponents/httpcore/4.0.1/httpcore-4.0.1.jar:/home/jaume/.m2/repository/org/apache/cassandra/cassandra-thrift/0.8.1/cassandra-thrift-0.8.1.jar:/home/jaume/.m2/repository/com/github/stephenc/jamm/0.2.2/jamm-0.2.2.jar:/home/jaume/.m2/repository/me/prettyprint/hector-core/0.8.0-2/hector-core-0.8.0-2.jar:/home/jaume/.m2/repository/org/slf4j/jul-to-slf4j/1.6.1/jul-to-slf4j-1.6.1.jar:/home/jaume/.m2/repository/com/github/stephenc/eaio-uuid/uuid/3.2.0/uuid-3.2.0.jar:/home/jaume/.m2/repository/com/ecyrd/speed4j/speed4j/0.9/speed4j-0.9.jar:/home/jaume/.m2/repository/org/slf4j/slf4j-api/1.6.1/slf4j-api-1.6.1.jar:/home/jaume/.m2/repository/org/slf4j/slf4j-jcl/1.6.1/slf4j-jcl-1.6.1.jar:/home/jaume/.m2/repository/commons-logging/commons-logging/1.1.1/commons-logging-1.1.1.jar:/home/jaume/.m2/repository/junit/junit/4.8.2/junit-4.8.2.jar:/home/jaume/.m2/repository/org/easymock/easymock/3.0/easymock-3.0.jar:/home/jaume/.m2/repository/cglib/cglib-nodep/2.2/cglib-nodep-2.2.jar:/home/jaume/.m2/repository/org/objenesis/objenesis/1.2/objenesis-1.2.jar:/home/jaume/.m2/repository/net/sf/json-lib/json-lib/2.2.3/json-lib-2.2.3-jdk15.jar:/home/jaume/.m2/repository/commons-beanutils/commons-beanutils/1.7.0/commons-beanutils-1.7.0.jar:/home/jaume/.m2/repository/net/sf/ezmorph/ezmorph/1.0.6/ezmorph-1.0.6.jar:/home/jaume/.m2/repository/org/apache/cxf/cxf-rt-frontend-jaxrs/2.5.0/cxf-rt-frontend-jaxrs-2.5.0.jar:/home/jaume/.m2/repository/org/apache/cxf/cxf-common-utilities/2.5.0/cxf-common-utilities-2.5.0.jar:/home/jaume/.m2/repository/org/apache/ws/xmlschema/xmlschema-core/2.0.1/xmlschema-core-2.0.1.jar:/home/jaume/.m2/repository/org/codehaus/woodstox/woodstox-core-asl/4.1.1/woodstox-core-asl-4.1.1.jar:/home/jaume/.m2/repository/org/codehaus/woodstox/stax2-api/3.1.1/stax2-api-3.1.1.jar:/home/jaume/.m2/repository/org/apache/cxf/cxf-api/2.5.0/cxf-api-2.5.0.jar:/home/jaume/.m2/repository/org/apache/neethi/neethi/3.0.1/neethi-3.0.1.jar:/home/jaume/.m2/repository/wsdl4j/wsdl4j/1.6.2/wsdl4j-1.6.2.jar:/home/jaume/.m2/repository/org/apache/cxf/cxf-rt-core/2.5.0/cxf-rt-core-2.5.0.jar:/home/jaume/.m2/repository/org/apache/geronimo/specs/geronimo-javamail_1.4_spec/1.7.1/geronimo-javamail_1.4_spec-1.7.1.jar:/home/jaume/.m2/repository/org/springframework/spring-core/3.0.6.RELEASE/spring-core-3.0.6.RELEASE.jar:/home/jaume/.m2/repository/org/springframework/spring-asm/3.0.6.RELEASE/spring-asm-3.0.6.RELEASE.jar:/home/jaume/.m2/repository/javax/ws/rs/jsr311-api/1.1.1/jsr311-api-1.1.1.jar:/home/jaume/.m2/repository/org/apache/cxf/cxf-rt-bindings-xml/2.5.0/cxf-rt-bindings-xml-2.5.0.jar:/home/jaume/.m2/repository/org/apache/cxf/cxf-rt-transports-http/2.5.0/cxf-rt-transports-http-2.5.0.jar:/home/jaume/.m2/repository/org/apache/cxf/cxf-rt-transports-common/2.5.0/cxf-rt-transports-common-2.5.0.jar:/home/jaume/.m2/repository/org/springframework/spring-web/3.0.6.RELEASE/spring-web-3.0.6.RELEASE.jar:/home/jaume/.m2/repository/aopalliance/aopalliance/1.0/aopalliance-1.0.jar:/home/jaume/.m2/repository/org/springframework/spring-beans/3.0.6.RELEASE/spring-beans-3.0.6.RELEASE.jar:/home/jaume/.m2/repository/org/springframework/spring-context/3.0.6.RELEASE/spring-context-3.0.6.RELEASE.jar:/home/jaume/.m2/repository/org/springframework/spring-aop/3.0.6.RELEASE/spring-aop-3.0.6.RELEASE.jar:/home/jaume/.m2/repository/org/springframework/spring-expression/3.0.6.RELEASE/spring-expression-3.0.6.RELEASE.jar:/home/jaume/.m2/repository/org/codehaus/jettison/jettison/1.3/jettison-1.3.jar:/home/jaume/.m2/repository/org/apache/wink/wink-server/1.1.3-incubating/wink-server-1.1.3-incubating.jar:/home/jaume/.m2/repository/org/apache/wink/wink-common/1.1.3-incubating/wink-common-1.1.3-incubating.jar:/home/jaume/.m2/repository/org/apache/geronimo/specs/geronimo-annotation_1.1_spec/1.0/geronimo-annotation_1.1_spec-1.0.jar:/home/jaume/.m2/repository/javax/xml/bind/jaxb-api/2.2/jaxb-api-2.2.jar:/home/jaume/.m2/repository/javax/xml/stream/stax-api/1.0-2/stax-api-1.0-2.jar:/home/jaume/.m2/repository/com/sun/xml/bind/jaxb-impl/2.2.1.1/jaxb-impl-2.2.1.1.jar:/home/jaume/.m2/repository/javax/activation/activation/1.1/activation-1.1.jar:"/>
    <property name="java.vm.specification.version" value="1.0"/>
    <property name="sun.arch.data.model" value="64"/>
    <property name="java.home" value="/usr/lib/jvm/java-6-sun-1.6.0.26/jre"/>
    <property name="sun.java.command" value="/home/jaume/workspace/trunk/integration/target/surefire/surefirebooter8504841558792391382.jar /home/jaume/workspace/trunk/integration/target/surefire/surefire8407909205648459879tmp /home/jaume/workspace/trunk/integration/target/surefire/surefire6965369839514325266tmp"/>
    <property name="java.specification.vendor" value="Sun Microsystems Inc."/>
    <property name="user.language" value="en"/>
    <property name="java.vm.info" value="mixed mode"/>
    <property name="java.version" value="1.6.0_26"/>
    <property name="java.ext.dirs" value="/usr/lib/jvm/java-6-sun-1.6.0.26/jre/lib/ext:/usr/java/packages/lib/ext"/>
    <property name="sun.boot.class.path" value="/usr/lib/jvm/java-6-sun-1.6.0.26/jre/lib/resources.jar:/usr/lib/jvm/java-6-sun-1.6.0.26/jre/lib/rt.jar:/usr/lib/jvm/java-6-sun-1.6.0.26/jre/lib/sunrsasign.jar:/usr/lib/jvm/java-6-sun-1.6.0.26/jre/lib/jsse.jar:/usr/lib/jvm/java-6-sun-1.6.0.26/jre/lib/jce.jar:/usr/lib/jvm/java-6-sun-1.6.0.26/jre/lib/charsets.jar:/usr/lib/jvm/java-6-sun-1.6.0.26/jre/lib/modules/jdk.boot.jar:/usr/lib/jvm/java-6-sun-1.6.0.26/jre/classes"/>
    <property name="java.vendor" value="Sun Microsystems Inc."/>
    <property name="localRepository" value="/home/jaume/.m2/repository"/>
    <property name="file.separator" value="/"/>
    <property name="java.vendor.url.bug" value="http://java.sun.com/cgi-bin/bugreport.cgi"/>
    <property name="sun.cpu.endian" value="little"/>
    <property name="sun.io.unicode.encoding" value="UnicodeLittle"/>
    <property name="sun.desktop" value="gnome"/>
    <property name="sun.cpu.isalist" value=""/>
  </properties>
  <testcase time="0.117" classname="org.apache.mahout.clustering.TestClusterDumper" name="testCanopy"/>
  <testcase time="18.586" classname="org.apache.mahout.clustering.TestClusterDumper" name="testKmeans"/>
  <testcase time="0.422" classname="org.apache.mahout.clustering.TestClusterDumper" name="testFuzzyKmeans"/>
  <testcase time="0.191" classname="org.apache.mahout.clustering.TestClusterDumper" name="testMeanShift"/>
  <testcase time="0.618" classname="org.apache.mahout.clustering.TestClusterDumper" name="testDirichlet2"/>
  <testcase time="0.37" classname="org.apache.mahout.clustering.TestClusterDumper" name="testDirichlet3"/>
</testsuite>