<?xml version="1.0" encoding="UTF-8" ?>
<testsuite failures="0" time="0.004" errors="0" skipped="0" tests="1" name="es.tid.ps.mobility.parsing.CdrParserTest">
  <properties>
    <property name="java.runtime.name" value="Java(TM) SE Runtime Environment"/>
    <property name="sun.boot.library.path" value="/System/Library/Java/JavaVirtualMachines/1.6.0.jdk/Contents/Libraries"/>
    <property name="java.vm.version" value="20.4-b02-402"/>
    <property name="awt.nativeDoubleBuffering" value="true"/>
    <property name="gopherProxySet" value="false"/>
    <property name="mrj.build" value="11D50"/>
    <property name="java.vm.vendor" value="Apple Inc."/>
    <property name="java.vendor.url" value="http://www.apple.com/"/>
    <property name="path.separator" value=":"/>
    <property name="java.vm.name" value="Java HotSpot(TM) 64-Bit Server VM"/>
    <property name="file.encoding.pkg" value="sun.io"/>
    <property name="user.country" value="ES"/>
    <property name="sun.java.launcher" value="SUN_STANDARD"/>
    <property name="sun.os.patch.level" value="unknown"/>
    <property name="java.vm.specification.name" value="Java Virtual Machine Specification"/>
    <property name="user.dir" value="/Users/dmicol/code/BigData/trunk/mobility"/>
    <property name="java.runtime.version" value="1.6.0_29-b11-402-11D50"/>
    <property name="java.awt.graphicsenv" value="apple.awt.CGraphicsEnvironment"/>
    <property name="basedir" value="/Users/dmicol/code/BigData/trunk/mobility"/>
    <property name="java.endorsed.dirs" value="/System/Library/Java/JavaVirtualMachines/1.6.0.jdk/Contents/Home/lib/endorsed"/>
    <property name="os.arch" value="x86_64"/>
    <property name="surefire.real.class.path" value="/Users/dmicol/code/BigData/trunk/mobility/target/surefire/surefirebooter1628743902279589681.jar"/>
    <property name="java.io.tmpdir" value="/var/folders/ys/tr3lqq7955gggzvxvfg5_1880000gp/T/"/>
    <property name="line.separator" value="
"/>
    <property name="java.vm.specification.vendor" value="Sun Microsystems Inc."/>
    <property name="os.name" value="Mac OS X"/>
    <property name="sun.jnu.encoding" value="MacRoman"/>
    <property name="java.library.path" value=".:/Library/Java/Extensions:/System/Library/Java/Extensions:/usr/lib/java"/>
    <property name="surefire.test.class.path" value="/Users/dmicol/code/BigData/trunk/mobility/target/test-classes:/Users/dmicol/code/BigData/trunk/mobility/target/classes:/Users/dmicol/.m2/repository/org/apache/hadoop/hadoop-core/0.20.2-cdh3u2/hadoop-core-0.20.2-cdh3u2.jar:/Users/dmicol/.m2/repository/commons-cli/commons-cli/1.2/commons-cli-1.2.jar:/Users/dmicol/.m2/repository/xmlenc/xmlenc/0.52/xmlenc-0.52.jar:/Users/dmicol/.m2/repository/commons-httpclient/commons-httpclient/3.1/commons-httpclient-3.1.jar:/Users/dmicol/.m2/repository/commons-codec/commons-codec/1.4/commons-codec-1.4.jar:/Users/dmicol/.m2/repository/commons-net/commons-net/1.4.1/commons-net-1.4.1.jar:/Users/dmicol/.m2/repository/org/mortbay/jetty/jetty/6.1.26/jetty-6.1.26.jar:/Users/dmicol/.m2/repository/org/mortbay/jetty/servlet-api/2.5-20081211/servlet-api-2.5-20081211.jar:/Users/dmicol/.m2/repository/org/mortbay/jetty/jetty-util/6.1.26/jetty-util-6.1.26.jar:/Users/dmicol/.m2/repository/tomcat/jasper-runtime/5.5.23/jasper-runtime-5.5.23.jar:/Users/dmicol/.m2/repository/tomcat/jasper-compiler/5.5.23/jasper-compiler-5.5.23.jar:/Users/dmicol/.m2/repository/javax/servlet/jsp-api/2.0/jsp-api-2.0.jar:/Users/dmicol/.m2/repository/ant/ant/1.6.5/ant-1.6.5.jar:/Users/dmicol/.m2/repository/org/codehaus/jackson/jackson-core-asl/1.5.2/jackson-core-asl-1.5.2.jar:/Users/dmicol/.m2/repository/org/codehaus/jackson/jackson-mapper-asl/1.5.2/jackson-mapper-asl-1.5.2.jar:/Users/dmicol/.m2/repository/javax/servlet/jsp/jsp-api/2.1/jsp-api-2.1.jar:/Users/dmicol/.m2/repository/commons-el/commons-el/1.0/commons-el-1.0.jar:/Users/dmicol/.m2/repository/net/java/dev/jets3t/jets3t/0.6.1/jets3t-0.6.1.jar:/Users/dmicol/.m2/repository/javax/servlet/servlet-api/2.5/servlet-api-2.5.jar:/Users/dmicol/.m2/repository/hsqldb/hsqldb/1.8.0.7/hsqldb-1.8.0.7.jar:/Users/dmicol/.m2/repository/oro/oro/2.0.8/oro-2.0.8.jar:/Users/dmicol/.m2/repository/org/eclipse/jdt/core/3.1.1/core-3.1.1.jar:/Users/dmicol/.m2/repository/com/hadoop/compression/hadoop-gpl-compression/0.1.0/hadoop-gpl-compression-0.1.0.jar:/Users/dmicol/.m2/repository/commons-logging/commons-logging/1.0.4/commons-logging-1.0.4.jar:/Users/dmicol/.m2/repository/commons-logging/commons-logging-api/1.0.4/commons-logging-api-1.0.4.jar:/Users/dmicol/.m2/repository/log4j/log4j/1.2.15/log4j-1.2.15.jar:/Users/dmicol/.m2/repository/es/tid/ps/base/0.0.1/base-0.0.1.jar:/Users/dmicol/.m2/repository/com/google/protobuf/protobuf-java/2.3.0/protobuf-java-2.3.0.jar:/Users/dmicol/.m2/repository/com/google/guava/guava/11.0.1/guava-11.0.1.jar:/Users/dmicol/.m2/repository/com/google/code/findbugs/jsr305/1.3.9/jsr305-1.3.9.jar:/Users/dmicol/.m2/repository/com/twitter/elephant-bird/2.1.7/elephant-bird-2.1.7.jar:/Users/dmicol/.m2/repository/com/googlecode/json-simple/json-simple/1.1/json-simple-1.1.jar:/Users/dmicol/.m2/repository/commons-lang/commons-lang/2.4/commons-lang-2.4.jar:/Users/dmicol/.m2/repository/org/apache/hive/hive-serde/0.8.0/hive-serde-0.8.0.jar:/Users/dmicol/.m2/repository/org/apache/hive/hive-common/0.8.0/hive-common-0.8.0.jar:/Users/dmicol/.m2/repository/org/apache/hive/hive-shims/0.8.0/hive-shims-0.8.0.jar:/Users/dmicol/.m2/repository/org/apache/zookeeper/zookeeper/3.3.1/zookeeper-3.3.1.jar:/Users/dmicol/.m2/repository/jline/jline/0.9.94/jline-0.9.94.jar:/Users/dmicol/.m2/repository/org/slf4j/slf4j-api/1.6.1/slf4j-api-1.6.1.jar:/Users/dmicol/.m2/repository/org/slf4j/slf4j-log4j12/1.6.1/slf4j-log4j12-1.6.1.jar:/Users/dmicol/.m2/repository/org/apache/thrift/libfb303/0.7.0/libfb303-0.7.0.jar:/Users/dmicol/.m2/repository/org/apache/pig/pig/0.9.2/pig-0.9.2.jar:/Users/dmicol/.m2/repository/org/mortbay/jetty/jsp-api-2.1/6.1.14/jsp-api-2.1-6.1.14.jar:/Users/dmicol/.m2/repository/org/mortbay/jetty/jsp-2.1/6.1.14/jsp-2.1-6.1.14.jar:/Users/dmicol/.m2/repository/org/mortbay/jetty/servlet-api-2.5/6.1.14/servlet-api-2.5-6.1.14.jar:/Users/dmicol/.m2/repository/net/sf/kosmosfs/kfs/0.3/kfs-0.3.jar:/Users/dmicol/.m2/repository/org/apache/hadoop/avro/1.3.2/avro-1.3.2.jar:/Users/dmicol/.m2/repository/com/thoughtworks/paranamer/paranamer/2.2/paranamer-2.2.jar:/Users/dmicol/.m2/repository/com/thoughtworks/paranamer/paranamer-ant/2.2/paranamer-ant-2.2.jar:/Users/dmicol/.m2/repository/com/thoughtworks/paranamer/paranamer-generator/2.2/paranamer-generator-2.2.jar:/Users/dmicol/.m2/repository/com/thoughtworks/qdox/qdox/1.10.1/qdox-1.10.1.jar:/Users/dmicol/.m2/repository/asm/asm/3.2/asm-3.2.jar:/Users/dmicol/.m2/repository/org/apache/mrunit/mrunit/0.8.0-incubating/mrunit-0.8.0-incubating.jar:/Users/dmicol/.m2/repository/org/mockito/mockito-all/1.8.5/mockito-all-1.8.5.jar:/Users/dmicol/.m2/repository/junit/junit/4.10/junit-4.10.jar:/Users/dmicol/.m2/repository/org/hamcrest/hamcrest-core/1.1/hamcrest-core-1.1.jar:/Users/dmicol/.m2/repository/org/hamcrest/hamcrest-all/1.1/hamcrest-all-1.1.jar:"/>
    <property name="java.specification.name" value="Java Platform API Specification"/>
    <property name="java.class.version" value="50.0"/>
    <property name="sun.management.compiler" value="HotSpot 64-Bit Tiered Compilers"/>
    <property name="os.version" value="10.7.3"/>
    <property name="http.nonProxyHosts" value="local|*.local|169.254/16|*.169.254/16"/>
    <property name="user.home" value="/Users/dmicol"/>
    <property name="user.timezone" value="Europe/Madrid"/>
    <property name="java.awt.printerjob" value="apple.awt.CPrinterJob"/>
    <property name="java.specification.version" value="1.6"/>
    <property name="file.encoding" value="MacRoman"/>
    <property name="user.name" value="dmicol"/>
    <property name="java.class.path" value="/Users/dmicol/code/BigData/trunk/mobility/target/test-classes:/Users/dmicol/code/BigData/trunk/mobility/target/classes:/Users/dmicol/.m2/repository/org/apache/hadoop/hadoop-core/0.20.2-cdh3u2/hadoop-core-0.20.2-cdh3u2.jar:/Users/dmicol/.m2/repository/commons-cli/commons-cli/1.2/commons-cli-1.2.jar:/Users/dmicol/.m2/repository/xmlenc/xmlenc/0.52/xmlenc-0.52.jar:/Users/dmicol/.m2/repository/commons-httpclient/commons-httpclient/3.1/commons-httpclient-3.1.jar:/Users/dmicol/.m2/repository/commons-codec/commons-codec/1.4/commons-codec-1.4.jar:/Users/dmicol/.m2/repository/commons-net/commons-net/1.4.1/commons-net-1.4.1.jar:/Users/dmicol/.m2/repository/org/mortbay/jetty/jetty/6.1.26/jetty-6.1.26.jar:/Users/dmicol/.m2/repository/org/mortbay/jetty/servlet-api/2.5-20081211/servlet-api-2.5-20081211.jar:/Users/dmicol/.m2/repository/org/mortbay/jetty/jetty-util/6.1.26/jetty-util-6.1.26.jar:/Users/dmicol/.m2/repository/tomcat/jasper-runtime/5.5.23/jasper-runtime-5.5.23.jar:/Users/dmicol/.m2/repository/tomcat/jasper-compiler/5.5.23/jasper-compiler-5.5.23.jar:/Users/dmicol/.m2/repository/javax/servlet/jsp-api/2.0/jsp-api-2.0.jar:/Users/dmicol/.m2/repository/ant/ant/1.6.5/ant-1.6.5.jar:/Users/dmicol/.m2/repository/org/codehaus/jackson/jackson-core-asl/1.5.2/jackson-core-asl-1.5.2.jar:/Users/dmicol/.m2/repository/org/codehaus/jackson/jackson-mapper-asl/1.5.2/jackson-mapper-asl-1.5.2.jar:/Users/dmicol/.m2/repository/javax/servlet/jsp/jsp-api/2.1/jsp-api-2.1.jar:/Users/dmicol/.m2/repository/commons-el/commons-el/1.0/commons-el-1.0.jar:/Users/dmicol/.m2/repository/net/java/dev/jets3t/jets3t/0.6.1/jets3t-0.6.1.jar:/Users/dmicol/.m2/repository/javax/servlet/servlet-api/2.5/servlet-api-2.5.jar:/Users/dmicol/.m2/repository/hsqldb/hsqldb/1.8.0.7/hsqldb-1.8.0.7.jar:/Users/dmicol/.m2/repository/oro/oro/2.0.8/oro-2.0.8.jar:/Users/dmicol/.m2/repository/org/eclipse/jdt/core/3.1.1/core-3.1.1.jar:/Users/dmicol/.m2/repository/com/hadoop/compression/hadoop-gpl-compression/0.1.0/hadoop-gpl-compression-0.1.0.jar:/Users/dmicol/.m2/repository/commons-logging/commons-logging/1.0.4/commons-logging-1.0.4.jar:/Users/dmicol/.m2/repository/commons-logging/commons-logging-api/1.0.4/commons-logging-api-1.0.4.jar:/Users/dmicol/.m2/repository/log4j/log4j/1.2.15/log4j-1.2.15.jar:/Users/dmicol/.m2/repository/es/tid/ps/base/0.0.1/base-0.0.1.jar:/Users/dmicol/.m2/repository/com/google/protobuf/protobuf-java/2.3.0/protobuf-java-2.3.0.jar:/Users/dmicol/.m2/repository/com/google/guava/guava/11.0.1/guava-11.0.1.jar:/Users/dmicol/.m2/repository/com/google/code/findbugs/jsr305/1.3.9/jsr305-1.3.9.jar:/Users/dmicol/.m2/repository/com/twitter/elephant-bird/2.1.7/elephant-bird-2.1.7.jar:/Users/dmicol/.m2/repository/com/googlecode/json-simple/json-simple/1.1/json-simple-1.1.jar:/Users/dmicol/.m2/repository/commons-lang/commons-lang/2.4/commons-lang-2.4.jar:/Users/dmicol/.m2/repository/org/apache/hive/hive-serde/0.8.0/hive-serde-0.8.0.jar:/Users/dmicol/.m2/repository/org/apache/hive/hive-common/0.8.0/hive-common-0.8.0.jar:/Users/dmicol/.m2/repository/org/apache/hive/hive-shims/0.8.0/hive-shims-0.8.0.jar:/Users/dmicol/.m2/repository/org/apache/zookeeper/zookeeper/3.3.1/zookeeper-3.3.1.jar:/Users/dmicol/.m2/repository/jline/jline/0.9.94/jline-0.9.94.jar:/Users/dmicol/.m2/repository/org/slf4j/slf4j-api/1.6.1/slf4j-api-1.6.1.jar:/Users/dmicol/.m2/repository/org/slf4j/slf4j-log4j12/1.6.1/slf4j-log4j12-1.6.1.jar:/Users/dmicol/.m2/repository/org/apache/thrift/libfb303/0.7.0/libfb303-0.7.0.jar:/Users/dmicol/.m2/repository/org/apache/pig/pig/0.9.2/pig-0.9.2.jar:/Users/dmicol/.m2/repository/org/mortbay/jetty/jsp-api-2.1/6.1.14/jsp-api-2.1-6.1.14.jar:/Users/dmicol/.m2/repository/org/mortbay/jetty/jsp-2.1/6.1.14/jsp-2.1-6.1.14.jar:/Users/dmicol/.m2/repository/org/mortbay/jetty/servlet-api-2.5/6.1.14/servlet-api-2.5-6.1.14.jar:/Users/dmicol/.m2/repository/net/sf/kosmosfs/kfs/0.3/kfs-0.3.jar:/Users/dmicol/.m2/repository/org/apache/hadoop/avro/1.3.2/avro-1.3.2.jar:/Users/dmicol/.m2/repository/com/thoughtworks/paranamer/paranamer/2.2/paranamer-2.2.jar:/Users/dmicol/.m2/repository/com/thoughtworks/paranamer/paranamer-ant/2.2/paranamer-ant-2.2.jar:/Users/dmicol/.m2/repository/com/thoughtworks/paranamer/paranamer-generator/2.2/paranamer-generator-2.2.jar:/Users/dmicol/.m2/repository/com/thoughtworks/qdox/qdox/1.10.1/qdox-1.10.1.jar:/Users/dmicol/.m2/repository/asm/asm/3.2/asm-3.2.jar:/Users/dmicol/.m2/repository/org/apache/mrunit/mrunit/0.8.0-incubating/mrunit-0.8.0-incubating.jar:/Users/dmicol/.m2/repository/org/mockito/mockito-all/1.8.5/mockito-all-1.8.5.jar:/Users/dmicol/.m2/repository/junit/junit/4.10/junit-4.10.jar:/Users/dmicol/.m2/repository/org/hamcrest/hamcrest-core/1.1/hamcrest-core-1.1.jar:/Users/dmicol/.m2/repository/org/hamcrest/hamcrest-all/1.1/hamcrest-all-1.1.jar:"/>
    <property name="java.vm.specification.version" value="1.0"/>
    <property name="sun.arch.data.model" value="64"/>
    <property name="java.home" value="/System/Library/Java/JavaVirtualMachines/1.6.0.jdk/Contents/Home"/>
    <property name="sun.java.command" value="/Users/dmicol/code/BigData/trunk/mobility/target/surefire/surefirebooter1628743902279589681.jar /Users/dmicol/code/BigData/trunk/mobility/target/surefire/surefire2745580216851687677tmp /Users/dmicol/code/BigData/trunk/mobility/target/surefire/surefire5700878883845385270tmp"/>
    <property name="java.specification.vendor" value="Sun Microsystems Inc."/>
    <property name="user.language" value="es"/>
    <property name="awt.toolkit" value="apple.awt.CToolkit"/>
    <property name="java.vm.info" value="mixed mode"/>
    <property name="java.version" value="1.6.0_29"/>
    <property name="java.ext.dirs" value="/Library/Java/Extensions:/System/Library/Java/Extensions:/System/Library/Java/JavaVirtualMachines/1.6.0.jdk/Contents/Home/lib/ext"/>
    <property name="sun.boot.class.path" value="/System/Library/Java/JavaVirtualMachines/1.6.0.jdk/Contents/Classes/jsfd.jar:/System/Library/Java/JavaVirtualMachines/1.6.0.jdk/Contents/Classes/classes.jar:/System/Library/Frameworks/JavaVM.framework/Frameworks/JavaRuntimeSupport.framework/Resources/Java/JavaRuntimeSupport.jar:/System/Library/Java/JavaVirtualMachines/1.6.0.jdk/Contents/Classes/ui.jar:/System/Library/Java/JavaVirtualMachines/1.6.0.jdk/Contents/Classes/laf.jar:/System/Library/Java/JavaVirtualMachines/1.6.0.jdk/Contents/Classes/sunrsasign.jar:/System/Library/Java/JavaVirtualMachines/1.6.0.jdk/Contents/Classes/jsse.jar:/System/Library/Java/JavaVirtualMachines/1.6.0.jdk/Contents/Classes/jce.jar:/System/Library/Java/JavaVirtualMachines/1.6.0.jdk/Contents/Classes/charsets.jar"/>
    <property name="java.vendor" value="Apple Inc."/>
    <property name="localRepository" value="/Users/dmicol/.m2/repository"/>
    <property name="file.separator" value="/"/>
    <property name="java.vendor.url.bug" value="http://bugreport.apple.com/"/>
    <property name="sun.cpu.endian" value="little"/>
    <property name="sun.io.unicode.encoding" value="UnicodeLittle"/>
    <property name="mrj.version" value="1070.1.6.0_29-402"/>
    <property name="socksNonProxyHosts" value="local|*.local|169.254/16|*.169.254/16"/>
    <property name="ftp.nonProxyHosts" value="local|*.local|169.254/16|*.169.254/16"/>
    <property name="sun.cpu.isalist" value=""/>
  </properties>
  <testcase time="0.003" classname="es.tid.ps.mobility.parsing.CdrParserTest" name="testParse"/>
</testsuite>